__main__ 2023-10-16 18:00:31,601 INFO Start APR monitoring
__main__ 2023-10-16 18:02:27,231 INFO Start APR monitoring
__main__ 2023-10-16 18:02:56,535 INFO Start APR monitoring
__main__ 2023-10-16 18:03:20,855 INFO Start APR monitoring
__main__ 2023-10-16 18:05:00,657 INFO Start APR monitoring
__main__ 2023-10-16 18:05:46,898 INFO Start APR monitoring
__main__ 2023-10-16 18:07:30,059 INFO Start APR monitoring
__main__ 2023-10-16 18:21:02,241 INFO Start APR monitoring
__main__ 2023-10-16 18:23:07,850 INFO Start APR monitoring
__main__ 2023-10-16 18:24:04,190 INFO Start APR monitoring
__main__ 2023-10-16 18:24:45,008 INFO Start APR monitoring
__main__ 2023-10-16 18:24:51,415 INFO Start APR monitoring
__main__ 2023-10-16 18:26:51,399 INFO Start APR monitoring
__main__ 2023-10-16 18:52:45,330 INFO Start APR monitoring
__main__ 2023-10-16 18:54:36,454 INFO Start APR monitoring
__main__ 2023-10-16 20:40:06,779 INFO Start APR monitoring
__main__ 2023-10-16 20:49:26,156 INFO Start APR monitoring
__main__ 2023-10-16 21:03:58,886 INFO Start APR monitoring
__main__ 2023-10-16 21:06:42,060 INFO Start APR monitoring
__main__ 2023-10-16 21:09:40,294 INFO Start APR monitoring
__main__ 2023-10-16 21:15:37,319 INFO Start APR monitoring
__main__ 2023-10-16 21:16:38,324 INFO Start APR monitoring
__main__ 2023-10-16 21:18:13,253 INFO Start APR monitoring
__main__ 2023-10-16 21:20:29,291 INFO Start APR monitoring
__main__ 2023-10-16 21:21:14,736 INFO Start APR monitoring
__main__ 2023-10-16 21:23:01,914 INFO Start APR monitoring
__main__ 2023-10-16 21:24:14,743 INFO Start APR monitoring
__main__ 2023-10-16 21:27:22,234 INFO Start APR monitoring
__main__ 2023-10-16 21:29:33,321 INFO Start APR monitoring
__main__ 2023-10-16 21:30:06,280 INFO Start APR monitoring
__main__ 2023-10-16 21:30:52,395 INFO Start APR monitoring
__main__ 2023-10-16 21:38:15,226 INFO Start APR monitoring
__main__ 2023-10-16 21:39:37,059 INFO Start APR monitoring
__main__ 2023-10-16 22:10:57,875 INFO Start APR monitoring
__main__ 2023-10-16 23:03:32,420 INFO Start APR monitoring
__main__ 2023-10-17 09:11:18,077 INFO Start APR monitoring
__main__ 2023-10-17 09:16:37,346 INFO Start APR monitoring
__main__ 2023-10-17 09:27:48,050 INFO Start APR monitoring
__main__ 2023-10-17 09:54:27,436 INFO Start APR monitoring
__main__ 2023-10-17 10:18:36,917 INFO Start APR monitoring
__main__ 2023-10-17 10:23:23,188 INFO Start APR monitoring
__main__ 2023-10-17 14:05:43,351 INFO Start APR monitoring
__main__ 2023-10-17 15:05:43,248 INFO Start APR monitoring
__main__ 2023-10-18 10:42:57,259 INFO Start APR monitoring
__main__ 2023-10-18 10:42:57,259 INFO Start APR monitoring
__main__ 2023-10-18 10:43:02,731 INFO APR : 19.03
__main__ 2023-10-18 10:43:02,731 INFO APR : 19.03
__main__ 2023-10-18 10:43:40,184 INFO Symb: ATOM
__main__ 2023-10-18 10:43:40,184 INFO Symb: ATOM
__main__ 2023-10-18 11:07:58,473 INFO Start APR monitoring
__main__ 2023-10-18 11:08:04,153 INFO APR : 19.03
__main__ 2023-10-18 11:08:13,238 INFO Symb: ATOM
__main__ 2023-10-18 11:10:09,838 INFO Start APR monitoring
__main__ 2023-10-18 11:10:15,480 INFO APR : 19.03
__main__ 2023-10-18 11:10:56,362 INFO Start APR monitoring
__main__ 2023-10-18 11:11:01,874 INFO APR : 19.03
__main__ 2023-10-18 13:49:15,925 INFO Start APR monitoring
__main__ 2023-10-18 13:49:21,614 INFO APR : 19.03
API.MemeApi 2023-10-18 13:49:28,619 INFO #--Get_Available_Blockchains_Symbols--#
API.MemeApi 2023-10-18 13:49:39,421 INFO Success, I get 200
API.MemeApi 2023-10-18 13:49:40,173 DEBUG []
__main__ 2023-10-18 13:51:28,801 INFO Symb: ATOM
__main__ 2023-10-18 13:55:22,317 INFO Start APR monitoring
__main__ 2023-10-18 13:55:27,801 INFO APR : 19.03
API.MemeApi 2023-10-18 13:55:28,718 INFO #--Get_Available_Blockchains_Symbols--#
API.MemeApi 2023-10-18 13:55:28,914 INFO Success, I get 200
API.MemeApi 2023-10-18 13:55:28,915 DEBUG []
__main__ 2023-10-18 13:55:31,557 INFO Symb: ATOM
__main__ 2023-10-18 13:56:06,291 INFO Get token: ATOM, price: 6.42
__main__ 2023-10-18 13:57:32,065 INFO Symb: OSMO
__main__ 2023-10-18 13:57:49,696 INFO Start APR monitoring
__main__ 2023-10-18 13:57:55,294 INFO APR : 19.03
API.MemeApi 2023-10-18 13:57:58,898 INFO #--Get_Available_Blockchains_Symbols--#
API.MemeApi 2023-10-18 13:57:59,103 INFO Success, I get 200
API.MemeApi 2023-10-18 13:57:59,104 DEBUG []
__main__ 2023-10-18 13:57:59,108 INFO Symb: ATOM
__main__ 2023-10-18 13:58:06,748 INFO Get token: ATOM, price: 6.42
__main__ 2023-10-18 13:58:06,749 INFO Symb: OSMO
__main__ 2023-10-18 13:58:22,241 INFO Symb: BLD
__main__ 2023-10-18 13:58:26,190 INFO Symb: AKT
__main__ 2023-10-18 14:02:49,727 INFO Start APR monitoring
__main__ 2023-10-18 14:02:55,041 INFO APR : 19.03
API.MemeApi 2023-10-18 14:02:56,061 INFO #--Get_Available_Blockchains_Symbols--#
API.MemeApi 2023-10-18 14:02:56,237 INFO Success, I get 200
API.MemeApi 2023-10-18 14:02:56,238 DEBUG []
__main__ 2023-10-18 14:03:00,710 INFO Symb: atom
__main__ 2023-10-18 14:03:14,077 INFO Get token: ATOM, price: 6.42
__main__ 2023-10-18 14:05:20,205 INFO Start APR monitoring
__main__ 2023-10-18 14:05:25,657 INFO APR : 19.03
API.MemeApi 2023-10-18 14:05:31,508 INFO #--Get_Available_Blockchains_Symbols--#
API.MemeApi 2023-10-18 14:05:35,968 INFO Success, I get 200
API.MemeApi 2023-10-18 14:05:35,969 DEBUG []
__main__ 2023-10-18 14:05:38,170 INFO Symb: atom
__main__ 2023-10-18 14:05:53,912 INFO Get token: ATOM, price: 6.42
__main__ 2023-10-18 14:06:05,608 INFO Get price token: {'atom': 6.42}
__main__ 2023-10-18 14:15:16,393 INFO Start APR monitoring
__main__ 2023-10-18 11:18:44,131 INFO Start APR monitoring
__main__ 2023-10-18 11:18:49,677 INFO APR : 19.03
API.MemeApi 2023-10-18 11:18:49,703 INFO #--Get_Available_Blockchains_Symbols--#
API.MemeApi 2023-10-18 11:18:49,948 INFO Success, I get 200
API.MemeApi 2023-10-18 11:18:49,951 DEBUG []
__main__ 2023-10-18 11:18:49,955 ERROR Error APR
Traceback (most recent call last):
  File "/app/update_elements.py", line 171, in main
    resul = get_url_network_Keplr(driver=driver, driver2=driver2, symbs=symbs)
  File "/app/update_elements.py", line 44, in get_url_network_Keplr
    data = price_json.get_json()
  File "/app/WorkJson.py", line 8, in get_json
    with open(self.file) as file:
FileNotFoundError: [Errno 2] No such file or directory: 'Update/network_price.json'
__main__ 2023-10-18 11:19:33,675 INFO Start APR monitoring
__main__ 2023-10-18 11:19:39,732 INFO APR : 19.03
API.MemeApi 2023-10-18 11:19:39,747 INFO #--Get_Available_Blockchains_Symbols--#
API.MemeApi 2023-10-18 11:19:39,994 INFO Success, I get 200
API.MemeApi 2023-10-18 11:19:40,000 DEBUG []
__main__ 2023-10-18 11:19:40,007 INFO Symb: atom
__main__ 2023-10-18 11:19:46,307 INFO Get token: ATOM, price: 6.41
__main__ 2023-10-18 11:19:46,321 INFO Get price token: {'atom': 6.41}
__main__ 2023-10-18 11:21:35,481 INFO Start APR monitoring
__main__ 2023-10-18 11:21:40,905 INFO APR : 19.03
API.MemeApi 2023-10-18 11:21:40,930 INFO #--Get_Available_Blockchains_Symbols--#
API.MemeApi 2023-10-18 11:21:41,130 INFO Success, I get 200
API.MemeApi 2023-10-18 11:21:41,132 DEBUG []
__main__ 2023-10-18 11:21:41,136 INFO Symb: atom
__main__ 2023-10-18 11:21:47,133 INFO Get token: ATOM, price: 6.42
__main__ 2023-10-18 11:21:47,160 INFO Get price token: {'atom': 6.42}
__main__ 2023-10-18 11:22:30,689 INFO Start APR monitoring
__main__ 2023-10-18 11:22:36,396 INFO APR : 19.03
API.MemeApi 2023-10-18 11:22:36,412 INFO #--Get_Available_Blockchains_Symbols--#
API.MemeApi 2023-10-18 11:22:36,670 INFO Success, I get 200
API.MemeApi 2023-10-18 11:22:36,675 DEBUG []
__main__ 2023-10-18 11:22:36,685 INFO Symb: atom
__main__ 2023-10-18 11:22:42,737 INFO Get token: ATOM, price: 6.42
__main__ 2023-10-18 11:22:42,754 INFO Get price token: {'atom': 6.42}
__main__ 2023-10-18 11:22:42,955 INFO Wait 7 hour
__main__ 2023-10-18 11:25:23,167 INFO Start APR monitoring
__main__ 2023-10-18 11:25:28,806 INFO APR : 19.03
API.MemeApi 2023-10-18 11:25:28,824 INFO #--Get_Available_Blockchains_Symbols--#
API.MemeApi 2023-10-18 11:25:29,072 INFO Success, I get 200
API.MemeApi 2023-10-18 11:25:29,077 DEBUG []
__main__ 2023-10-18 11:25:29,081 INFO Symb: atom
__main__ 2023-10-18 11:25:35,337 INFO Get token: ATOM, price: 6.42
__main__ 2023-10-18 11:25:35,367 INFO Get price token: {'atom': 6.42}
__main__ 2023-10-18 11:25:35,576 INFO Time work 12.408363819122314 sec
__main__ 2023-10-18 11:25:35,583 INFO Wait 7 hour
__main__ 2023-10-18 11:31:53,866 INFO Start APR monitoring
__main__ 2023-10-18 11:31:59,235 INFO APR : 19.03
API.MemeApi 2023-10-18 11:31:59,251 INFO #--Get_Available_Blockchains_Symbols--#
API.MemeApi 2023-10-18 11:31:59,525 INFO Success, I get 200
API.MemeApi 2023-10-18 11:31:59,532 DEBUG []
__main__ 2023-10-18 11:31:59,540 INFO Data == {}
__main__ 2023-10-18 11:31:59,906 INFO Wait 2 sec
__main__ 2023-10-18 11:32:08,619 INFO Add ATOM with url https://wallet.keplr.app/chains/cosmos-hub
__main__ 2023-10-18 11:32:08,638 DEBUG Data network_price: {'ATOM': {'url': 'https://wallet.keplr.app/chains/cosmos-hub'}}
__main__ 2023-10-18 11:32:14,621 INFO Add OSMO with url https://wallet.keplr.app/chains/osmosis
__main__ 2023-10-18 11:32:14,640 DEBUG Data network_price: {'ATOM': {'url': 'https://wallet.keplr.app/chains/cosmos-hub'}, 'OSMO': {'url': 'https://wallet.keplr.app/chains/osmosis'}}
__main__ 2023-10-18 11:32:20,839 INFO Add BLD with url https://wallet.keplr.app/chains/agoric
__main__ 2023-10-18 11:32:20,861 DEBUG Data network_price: {'ATOM': {'url': 'https://wallet.keplr.app/chains/cosmos-hub'}, 'OSMO': {'url': 'https://wallet.keplr.app/chains/osmosis'}, 'BLD': {'url': 'https://wallet.keplr.app/chains/agoric'}}
__main__ 2023-10-18 11:32:26,743 INFO Add AKT with url https://wallet.keplr.app/chains/akash
__main__ 2023-10-18 11:32:26,755 DEBUG Data network_price: {'ATOM': {'url': 'https://wallet.keplr.app/chains/cosmos-hub'}, 'OSMO': {'url': 'https://wallet.keplr.app/chains/osmosis'}, 'BLD': {'url': 'https://wallet.keplr.app/chains/agoric'}, 'AKT': {'url': 'https://wallet.keplr.app/chains/akash'}}
__main__ 2023-10-18 11:32:32,651 INFO Add AXL with url https://wallet.keplr.app/chains/axelar
__main__ 2023-10-18 11:32:32,670 DEBUG Data network_price: {'ATOM': {'url': 'https://wallet.keplr.app/chains/cosmos-hub'}, 'OSMO': {'url': 'https://wallet.keplr.app/chains/osmosis'}, 'BLD': {'url': 'https://wallet.keplr.app/chains/agoric'}, 'AKT': {'url': 'https://wallet.keplr.app/chains/akash'}, 'AXL': {'url': 'https://wallet.keplr.app/chains/axelar'}}
__main__ 2023-10-18 11:32:44,446 INFO Add CRO with url https://wallet.keplr.app/chains/cronos-pos
__main__ 2023-10-18 11:32:44,467 DEBUG Data network_price: {'ATOM': {'url': 'https://wallet.keplr.app/chains/cosmos-hub'}, 'OSMO': {'url': 'https://wallet.keplr.app/chains/osmosis'}, 'BLD': {'url': 'https://wallet.keplr.app/chains/agoric'}, 'AKT': {'url': 'https://wallet.keplr.app/chains/akash'}, 'AXL': {'url': 'https://wallet.keplr.app/chains/axelar'}, 'CRO': {'url': 'https://wallet.keplr.app/chains/cronos-pos'}}
__main__ 2023-10-18 11:32:56,159 INFO Add EVMOS with url https://wallet.keplr.app/chains/evmos
__main__ 2023-10-18 11:32:56,181 DEBUG Data network_price: {'ATOM': {'url': 'https://wallet.keplr.app/chains/cosmos-hub'}, 'OSMO': {'url': 'https://wallet.keplr.app/chains/osmosis'}, 'BLD': {'url': 'https://wallet.keplr.app/chains/agoric'}, 'AKT': {'url': 'https://wallet.keplr.app/chains/akash'}, 'AXL': {'url': 'https://wallet.keplr.app/chains/axelar'}, 'CRO': {'url': 'https://wallet.keplr.app/chains/cronos-pos'}, 'EVMOS': {'url': 'https://wallet.keplr.app/chains/evmos'}}
__main__ 2023-10-18 11:33:02,101 INFO Add LORE with url https://wallet.keplr.app/chains/gitopia
__main__ 2023-10-18 11:33:02,134 DEBUG Data network_price: {'ATOM': {'url': 'https://wallet.keplr.app/chains/cosmos-hub'}, 'OSMO': {'url': 'https://wallet.keplr.app/chains/osmosis'}, 'BLD': {'url': 'https://wallet.keplr.app/chains/agoric'}, 'AKT': {'url': 'https://wallet.keplr.app/chains/akash'}, 'AXL': {'url': 'https://wallet.keplr.app/chains/axelar'}, 'CRO': {'url': 'https://wallet.keplr.app/chains/cronos-pos'}, 'EVMOS': {'url': 'https://wallet.keplr.app/chains/evmos'}, 'LORE': {'url': 'https://wallet.keplr.app/chains/gitopia'}}
__main__ 2023-10-18 11:33:14,086 INFO Add INJ with url https://wallet.keplr.app/chains/injective
__main__ 2023-10-18 11:33:14,102 DEBUG Data network_price: {'ATOM': {'url': 'https://wallet.keplr.app/chains/cosmos-hub'}, 'OSMO': {'url': 'https://wallet.keplr.app/chains/osmosis'}, 'BLD': {'url': 'https://wallet.keplr.app/chains/agoric'}, 'AKT': {'url': 'https://wallet.keplr.app/chains/akash'}, 'AXL': {'url': 'https://wallet.keplr.app/chains/axelar'}, 'CRO': {'url': 'https://wallet.keplr.app/chains/cronos-pos'}, 'EVMOS': {'url': 'https://wallet.keplr.app/chains/evmos'}, 'LORE': {'url': 'https://wallet.keplr.app/chains/gitopia'}, 'INJ': {'url': 'https://wallet.keplr.app/chains/injective'}}
__main__ 2023-10-18 11:33:20,226 INFO Add IRIS with url https://wallet.keplr.app/chains/irisnet
__main__ 2023-10-18 11:33:20,256 DEBUG Data network_price: {'ATOM': {'url': 'https://wallet.keplr.app/chains/cosmos-hub'}, 'OSMO': {'url': 'https://wallet.keplr.app/chains/osmosis'}, 'BLD': {'url': 'https://wallet.keplr.app/chains/agoric'}, 'AKT': {'url': 'https://wallet.keplr.app/chains/akash'}, 'AXL': {'url': 'https://wallet.keplr.app/chains/axelar'}, 'CRO': {'url': 'https://wallet.keplr.app/chains/cronos-pos'}, 'EVMOS': {'url': 'https://wallet.keplr.app/chains/evmos'}, 'LORE': {'url': 'https://wallet.keplr.app/chains/gitopia'}, 'INJ': {'url': 'https://wallet.keplr.app/chains/injective'}, 'IRIS': {'url': 'https://wallet.keplr.app/chains/irisnet'}}
__main__ 2023-10-18 11:33:31,941 INFO Add JUNO with url https://wallet.keplr.app/chains/juno
__main__ 2023-10-18 11:33:31,966 DEBUG Data network_price: {'ATOM': {'url': 'https://wallet.keplr.app/chains/cosmos-hub'}, 'OSMO': {'url': 'https://wallet.keplr.app/chains/osmosis'}, 'BLD': {'url': 'https://wallet.keplr.app/chains/agoric'}, 'AKT': {'url': 'https://wallet.keplr.app/chains/akash'}, 'AXL': {'url': 'https://wallet.keplr.app/chains/axelar'}, 'CRO': {'url': 'https://wallet.keplr.app/chains/cronos-pos'}, 'EVMOS': {'url': 'https://wallet.keplr.app/chains/evmos'}, 'LORE': {'url': 'https://wallet.keplr.app/chains/gitopia'}, 'INJ': {'url': 'https://wallet.keplr.app/chains/injective'}, 'IRIS': {'url': 'https://wallet.keplr.app/chains/irisnet'}, 'JUNO': {'url': 'https://wallet.keplr.app/chains/juno'}}
__main__ 2023-10-18 11:33:37,895 INFO Add KAVA with url https://wallet.keplr.app/chains/kava
__main__ 2023-10-18 11:33:37,910 DEBUG Data network_price: {'ATOM': {'url': 'https://wallet.keplr.app/chains/cosmos-hub'}, 'OSMO': {'url': 'https://wallet.keplr.app/chains/osmosis'}, 'BLD': {'url': 'https://wallet.keplr.app/chains/agoric'}, 'AKT': {'url': 'https://wallet.keplr.app/chains/akash'}, 'AXL': {'url': 'https://wallet.keplr.app/chains/axelar'}, 'CRO': {'url': 'https://wallet.keplr.app/chains/cronos-pos'}, 'EVMOS': {'url': 'https://wallet.keplr.app/chains/evmos'}, 'LORE': {'url': 'https://wallet.keplr.app/chains/gitopia'}, 'INJ': {'url': 'https://wallet.keplr.app/chains/injective'}, 'IRIS': {'url': 'https://wallet.keplr.app/chains/irisnet'}, 'JUNO': {'url': 'https://wallet.keplr.app/chains/juno'}, 'KAVA': {'url': 'https://wallet.keplr.app/chains/kava'}}
__main__ 2023-10-18 11:33:56,005 INFO Add MARS with url https://wallet.keplr.app/chains/mars-hub
__main__ 2023-10-18 11:33:56,035 DEBUG Data network_price: {'ATOM': {'url': 'https://wallet.keplr.app/chains/cosmos-hub'}, 'OSMO': {'url': 'https://wallet.keplr.app/chains/osmosis'}, 'BLD': {'url': 'https://wallet.keplr.app/chains/agoric'}, 'AKT': {'url': 'https://wallet.keplr.app/chains/akash'}, 'AXL': {'url': 'https://wallet.keplr.app/chains/axelar'}, 'CRO': {'url': 'https://wallet.keplr.app/chains/cronos-pos'}, 'EVMOS': {'url': 'https://wallet.keplr.app/chains/evmos'}, 'LORE': {'url': 'https://wallet.keplr.app/chains/gitopia'}, 'INJ': {'url': 'https://wallet.keplr.app/chains/injective'}, 'IRIS': {'url': 'https://wallet.keplr.app/chains/irisnet'}, 'JUNO': {'url': 'https://wallet.keplr.app/chains/juno'}, 'KAVA': {'url': 'https://wallet.keplr.app/chains/kava'}, 'MARS': {'url': 'https://wallet.keplr.app/chains/mars-hub'}}
__main__ 2023-10-18 11:34:01,935 INFO Add NTRN with url https://wallet.keplr.app/chains/neutron
__main__ 2023-10-18 11:34:01,968 DEBUG Data network_price: {'ATOM': {'url': 'https://wallet.keplr.app/chains/cosmos-hub'}, 'OSMO': {'url': 'https://wallet.keplr.app/chains/osmosis'}, 'BLD': {'url': 'https://wallet.keplr.app/chains/agoric'}, 'AKT': {'url': 'https://wallet.keplr.app/chains/akash'}, 'AXL': {'url': 'https://wallet.keplr.app/chains/axelar'}, 'CRO': {'url': 'https://wallet.keplr.app/chains/cronos-pos'}, 'EVMOS': {'url': 'https://wallet.keplr.app/chains/evmos'}, 'LORE': {'url': 'https://wallet.keplr.app/chains/gitopia'}, 'INJ': {'url': 'https://wallet.keplr.app/chains/injective'}, 'IRIS': {'url': 'https://wallet.keplr.app/chains/irisnet'}, 'JUNO': {'url': 'https://wallet.keplr.app/chains/juno'}, 'KAVA': {'url': 'https://wallet.keplr.app/chains/kava'}, 'MARS': {'url': 'https://wallet.keplr.app/chains/mars-hub'}, 'NTRN': {'url': 'https://wallet.keplr.app/chains/neutron'}}
__main__ 2023-10-18 11:34:07,800 INFO Add USDC with url https://wallet.keplr.app/chains/noble
__main__ 2023-10-18 11:34:07,826 DEBUG Data network_price: {'ATOM': {'url': 'https://wallet.keplr.app/chains/cosmos-hub'}, 'OSMO': {'url': 'https://wallet.keplr.app/chains/osmosis'}, 'BLD': {'url': 'https://wallet.keplr.app/chains/agoric'}, 'AKT': {'url': 'https://wallet.keplr.app/chains/akash'}, 'AXL': {'url': 'https://wallet.keplr.app/chains/axelar'}, 'CRO': {'url': 'https://wallet.keplr.app/chains/cronos-pos'}, 'EVMOS': {'url': 'https://wallet.keplr.app/chains/evmos'}, 'LORE': {'url': 'https://wallet.keplr.app/chains/gitopia'}, 'INJ': {'url': 'https://wallet.keplr.app/chains/injective'}, 'IRIS': {'url': 'https://wallet.keplr.app/chains/irisnet'}, 'JUNO': {'url': 'https://wallet.keplr.app/chains/juno'}, 'KAVA': {'url': 'https://wallet.keplr.app/chains/kava'}, 'MARS': {'url': 'https://wallet.keplr.app/chains/mars-hub'}, 'NTRN': {'url': 'https://wallet.keplr.app/chains/neutron'}, 'USDC': {'url': 'https://wallet.keplr.app/chains/noble'}}
__main__ 2023-10-18 11:34:13,688 INFO Add FLIX with url https://wallet.keplr.app/chains/omniflix
__main__ 2023-10-18 11:34:13,710 DEBUG Data network_price: {'ATOM': {'url': 'https://wallet.keplr.app/chains/cosmos-hub'}, 'OSMO': {'url': 'https://wallet.keplr.app/chains/osmosis'}, 'BLD': {'url': 'https://wallet.keplr.app/chains/agoric'}, 'AKT': {'url': 'https://wallet.keplr.app/chains/akash'}, 'AXL': {'url': 'https://wallet.keplr.app/chains/axelar'}, 'CRO': {'url': 'https://wallet.keplr.app/chains/cronos-pos'}, 'EVMOS': {'url': 'https://wallet.keplr.app/chains/evmos'}, 'LORE': {'url': 'https://wallet.keplr.app/chains/gitopia'}, 'INJ': {'url': 'https://wallet.keplr.app/chains/injective'}, 'IRIS': {'url': 'https://wallet.keplr.app/chains/irisnet'}, 'JUNO': {'url': 'https://wallet.keplr.app/chains/juno'}, 'KAVA': {'url': 'https://wallet.keplr.app/chains/kava'}, 'MARS': {'url': 'https://wallet.keplr.app/chains/mars-hub'}, 'NTRN': {'url': 'https://wallet.keplr.app/chains/neutron'}, 'USDC': {'url': 'https://wallet.keplr.app/chains/noble'}, 'FLIX': {'url': 'https://wallet.keplr.app/chains/omniflix'}}
__main__ 2023-10-18 11:34:19,933 INFO Add XPRT with url https://wallet.keplr.app/chains/persistence
__main__ 2023-10-18 11:34:20,059 DEBUG Data network_price: {'ATOM': {'url': 'https://wallet.keplr.app/chains/cosmos-hub'}, 'OSMO': {'url': 'https://wallet.keplr.app/chains/osmosis'}, 'BLD': {'url': 'https://wallet.keplr.app/chains/agoric'}, 'AKT': {'url': 'https://wallet.keplr.app/chains/akash'}, 'AXL': {'url': 'https://wallet.keplr.app/chains/axelar'}, 'CRO': {'url': 'https://wallet.keplr.app/chains/cronos-pos'}, 'EVMOS': {'url': 'https://wallet.keplr.app/chains/evmos'}, 'LORE': {'url': 'https://wallet.keplr.app/chains/gitopia'}, 'INJ': {'url': 'https://wallet.keplr.app/chains/injective'}, 'IRIS': {'url': 'https://wallet.keplr.app/chains/irisnet'}, 'JUNO': {'url': 'https://wallet.keplr.app/chains/juno'}, 'KAVA': {'url': 'https://wallet.keplr.app/chains/kava'}, 'MARS': {'url': 'https://wallet.keplr.app/chains/mars-hub'}, 'NTRN': {'url': 'https://wallet.keplr.app/chains/neutron'}, 'USDC': {'url': 'https://wallet.keplr.app/chains/noble'}, 'FLIX': {'url': 'https://wallet.keplr.app/chains/omniflix'}, 'XPRT': {'url': 'https://wallet.keplr.app/chains/persistence'}}
__main__ 2023-10-18 11:34:26,019 INFO Add QSR with url https://wallet.keplr.app/chains/quasar
__main__ 2023-10-18 11:34:26,054 DEBUG Data network_price: {'ATOM': {'url': 'https://wallet.keplr.app/chains/cosmos-hub'}, 'OSMO': {'url': 'https://wallet.keplr.app/chains/osmosis'}, 'BLD': {'url': 'https://wallet.keplr.app/chains/agoric'}, 'AKT': {'url': 'https://wallet.keplr.app/chains/akash'}, 'AXL': {'url': 'https://wallet.keplr.app/chains/axelar'}, 'CRO': {'url': 'https://wallet.keplr.app/chains/cronos-pos'}, 'EVMOS': {'url': 'https://wallet.keplr.app/chains/evmos'}, 'LORE': {'url': 'https://wallet.keplr.app/chains/gitopia'}, 'INJ': {'url': 'https://wallet.keplr.app/chains/injective'}, 'IRIS': {'url': 'https://wallet.keplr.app/chains/irisnet'}, 'JUNO': {'url': 'https://wallet.keplr.app/chains/juno'}, 'KAVA': {'url': 'https://wallet.keplr.app/chains/kava'}, 'MARS': {'url': 'https://wallet.keplr.app/chains/mars-hub'}, 'NTRN': {'url': 'https://wallet.keplr.app/chains/neutron'}, 'USDC': {'url': 'https://wallet.keplr.app/chains/noble'}, 'FLIX': {'url': 'https://wallet.keplr.app/chains/omniflix'}, 'XPRT': {'url': 'https://wallet.keplr.app/chains/persistence'}, 'QSR': {'url': 'https://wallet.keplr.app/chains/quasar'}}
__main__ 2023-10-18 11:34:32,081 INFO Add QCK with url https://wallet.keplr.app/chains/quicksilver
__main__ 2023-10-18 11:34:32,106 DEBUG Data network_price: {'ATOM': {'url': 'https://wallet.keplr.app/chains/cosmos-hub'}, 'OSMO': {'url': 'https://wallet.keplr.app/chains/osmosis'}, 'BLD': {'url': 'https://wallet.keplr.app/chains/agoric'}, 'AKT': {'url': 'https://wallet.keplr.app/chains/akash'}, 'AXL': {'url': 'https://wallet.keplr.app/chains/axelar'}, 'CRO': {'url': 'https://wallet.keplr.app/chains/cronos-pos'}, 'EVMOS': {'url': 'https://wallet.keplr.app/chains/evmos'}, 'LORE': {'url': 'https://wallet.keplr.app/chains/gitopia'}, 'INJ': {'url': 'https://wallet.keplr.app/chains/injective'}, 'IRIS': {'url': 'https://wallet.keplr.app/chains/irisnet'}, 'JUNO': {'url': 'https://wallet.keplr.app/chains/juno'}, 'KAVA': {'url': 'https://wallet.keplr.app/chains/kava'}, 'MARS': {'url': 'https://wallet.keplr.app/chains/mars-hub'}, 'NTRN': {'url': 'https://wallet.keplr.app/chains/neutron'}, 'USDC': {'url': 'https://wallet.keplr.app/chains/noble'}, 'FLIX': {'url': 'https://wallet.keplr.app/chains/omniflix'}, 'XPRT': {'url': 'https://wallet.keplr.app/chains/persistence'}, 'QSR': {'url': 'https://wallet.keplr.app/chains/quasar'}, 'QCK': {'url': 'https://wallet.keplr.app/chains/quicksilver'}}
__main__ 2023-10-18 11:34:37,976 INFO Add REGEN with url https://wallet.keplr.app/chains/regen
__main__ 2023-10-18 11:34:38,020 DEBUG Data network_price: {'ATOM': {'url': 'https://wallet.keplr.app/chains/cosmos-hub'}, 'OSMO': {'url': 'https://wallet.keplr.app/chains/osmosis'}, 'BLD': {'url': 'https://wallet.keplr.app/chains/agoric'}, 'AKT': {'url': 'https://wallet.keplr.app/chains/akash'}, 'AXL': {'url': 'https://wallet.keplr.app/chains/axelar'}, 'CRO': {'url': 'https://wallet.keplr.app/chains/cronos-pos'}, 'EVMOS': {'url': 'https://wallet.keplr.app/chains/evmos'}, 'LORE': {'url': 'https://wallet.keplr.app/chains/gitopia'}, 'INJ': {'url': 'https://wallet.keplr.app/chains/injective'}, 'IRIS': {'url': 'https://wallet.keplr.app/chains/irisnet'}, 'JUNO': {'url': 'https://wallet.keplr.app/chains/juno'}, 'KAVA': {'url': 'https://wallet.keplr.app/chains/kava'}, 'MARS': {'url': 'https://wallet.keplr.app/chains/mars-hub'}, 'NTRN': {'url': 'https://wallet.keplr.app/chains/neutron'}, 'USDC': {'url': 'https://wallet.keplr.app/chains/noble'}, 'FLIX': {'url': 'https://wallet.keplr.app/chains/omniflix'}, 'XPRT': {'url': 'https://wallet.keplr.app/chains/persistence'}, 'QSR': {'url': 'https://wallet.keplr.app/chains/quasar'}, 'QCK': {'url': 'https://wallet.keplr.app/chains/quicksilver'}, 'REGEN': {'url': 'https://wallet.keplr.app/chains/regen'}}
__main__ 2023-10-18 11:34:43,914 INFO Add SCRT with url https://wallet.keplr.app/chains/secret-network
__main__ 2023-10-18 11:34:43,922 DEBUG Data network_price: {'ATOM': {'url': 'https://wallet.keplr.app/chains/cosmos-hub'}, 'OSMO': {'url': 'https://wallet.keplr.app/chains/osmosis'}, 'BLD': {'url': 'https://wallet.keplr.app/chains/agoric'}, 'AKT': {'url': 'https://wallet.keplr.app/chains/akash'}, 'AXL': {'url': 'https://wallet.keplr.app/chains/axelar'}, 'CRO': {'url': 'https://wallet.keplr.app/chains/cronos-pos'}, 'EVMOS': {'url': 'https://wallet.keplr.app/chains/evmos'}, 'LORE': {'url': 'https://wallet.keplr.app/chains/gitopia'}, 'INJ': {'url': 'https://wallet.keplr.app/chains/injective'}, 'IRIS': {'url': 'https://wallet.keplr.app/chains/irisnet'}, 'JUNO': {'url': 'https://wallet.keplr.app/chains/juno'}, 'KAVA': {'url': 'https://wallet.keplr.app/chains/kava'}, 'MARS': {'url': 'https://wallet.keplr.app/chains/mars-hub'}, 'NTRN': {'url': 'https://wallet.keplr.app/chains/neutron'}, 'USDC': {'url': 'https://wallet.keplr.app/chains/noble'}, 'FLIX': {'url': 'https://wallet.keplr.app/chains/omniflix'}, 'XPRT': {'url': 'https://wallet.keplr.app/chains/persistence'}, 'QSR': {'url': 'https://wallet.keplr.app/chains/quasar'}, 'QCK': {'url': 'https://wallet.keplr.app/chains/quicksilver'}, 'REGEN': {'url': 'https://wallet.keplr.app/chains/regen'}, 'SCRT': {'url': 'https://wallet.keplr.app/chains/secret-network'}}
__main__ 2023-10-18 11:34:55,636 INFO Add CTK with url https://wallet.keplr.app/chains/shentu
__main__ 2023-10-18 11:34:55,694 DEBUG Data network_price: {'ATOM': {'url': 'https://wallet.keplr.app/chains/cosmos-hub'}, 'OSMO': {'url': 'https://wallet.keplr.app/chains/osmosis'}, 'BLD': {'url': 'https://wallet.keplr.app/chains/agoric'}, 'AKT': {'url': 'https://wallet.keplr.app/chains/akash'}, 'AXL': {'url': 'https://wallet.keplr.app/chains/axelar'}, 'CRO': {'url': 'https://wallet.keplr.app/chains/cronos-pos'}, 'EVMOS': {'url': 'https://wallet.keplr.app/chains/evmos'}, 'LORE': {'url': 'https://wallet.keplr.app/chains/gitopia'}, 'INJ': {'url': 'https://wallet.keplr.app/chains/injective'}, 'IRIS': {'url': 'https://wallet.keplr.app/chains/irisnet'}, 'JUNO': {'url': 'https://wallet.keplr.app/chains/juno'}, 'KAVA': {'url': 'https://wallet.keplr.app/chains/kava'}, 'MARS': {'url': 'https://wallet.keplr.app/chains/mars-hub'}, 'NTRN': {'url': 'https://wallet.keplr.app/chains/neutron'}, 'USDC': {'url': 'https://wallet.keplr.app/chains/noble'}, 'FLIX': {'url': 'https://wallet.keplr.app/chains/omniflix'}, 'XPRT': {'url': 'https://wallet.keplr.app/chains/persistence'}, 'QSR': {'url': 'https://wallet.keplr.app/chains/quasar'}, 'QCK': {'url': 'https://wallet.keplr.app/chains/quicksilver'}, 'REGEN': {'url': 'https://wallet.keplr.app/chains/regen'}, 'SCRT': {'url': 'https://wallet.keplr.app/chains/secret-network'}, 'CTK': {'url': 'https://wallet.keplr.app/chains/shentu'}}
__main__ 2023-10-18 11:35:07,672 INFO Add SOMM with url https://wallet.keplr.app/chains/sommelier
__main__ 2023-10-18 11:35:07,693 DEBUG Data network_price: {'ATOM': {'url': 'https://wallet.keplr.app/chains/cosmos-hub'}, 'OSMO': {'url': 'https://wallet.keplr.app/chains/osmosis'}, 'BLD': {'url': 'https://wallet.keplr.app/chains/agoric'}, 'AKT': {'url': 'https://wallet.keplr.app/chains/akash'}, 'AXL': {'url': 'https://wallet.keplr.app/chains/axelar'}, 'CRO': {'url': 'https://wallet.keplr.app/chains/cronos-pos'}, 'EVMOS': {'url': 'https://wallet.keplr.app/chains/evmos'}, 'LORE': {'url': 'https://wallet.keplr.app/chains/gitopia'}, 'INJ': {'url': 'https://wallet.keplr.app/chains/injective'}, 'IRIS': {'url': 'https://wallet.keplr.app/chains/irisnet'}, 'JUNO': {'url': 'https://wallet.keplr.app/chains/juno'}, 'KAVA': {'url': 'https://wallet.keplr.app/chains/kava'}, 'MARS': {'url': 'https://wallet.keplr.app/chains/mars-hub'}, 'NTRN': {'url': 'https://wallet.keplr.app/chains/neutron'}, 'USDC': {'url': 'https://wallet.keplr.app/chains/noble'}, 'FLIX': {'url': 'https://wallet.keplr.app/chains/omniflix'}, 'XPRT': {'url': 'https://wallet.keplr.app/chains/persistence'}, 'QSR': {'url': 'https://wallet.keplr.app/chains/quasar'}, 'QCK': {'url': 'https://wallet.keplr.app/chains/quicksilver'}, 'REGEN': {'url': 'https://wallet.keplr.app/chains/regen'}, 'SCRT': {'url': 'https://wallet.keplr.app/chains/secret-network'}, 'CTK': {'url': 'https://wallet.keplr.app/chains/shentu'}, 'SOMM': {'url': 'https://wallet.keplr.app/chains/sommelier'}}
__main__ 2023-10-18 11:35:25,208 INFO Add STRD with url https://wallet.keplr.app/chains/stride
__main__ 2023-10-18 11:35:25,230 DEBUG Data network_price: {'ATOM': {'url': 'https://wallet.keplr.app/chains/cosmos-hub'}, 'OSMO': {'url': 'https://wallet.keplr.app/chains/osmosis'}, 'BLD': {'url': 'https://wallet.keplr.app/chains/agoric'}, 'AKT': {'url': 'https://wallet.keplr.app/chains/akash'}, 'AXL': {'url': 'https://wallet.keplr.app/chains/axelar'}, 'CRO': {'url': 'https://wallet.keplr.app/chains/cronos-pos'}, 'EVMOS': {'url': 'https://wallet.keplr.app/chains/evmos'}, 'LORE': {'url': 'https://wallet.keplr.app/chains/gitopia'}, 'INJ': {'url': 'https://wallet.keplr.app/chains/injective'}, 'IRIS': {'url': 'https://wallet.keplr.app/chains/irisnet'}, 'JUNO': {'url': 'https://wallet.keplr.app/chains/juno'}, 'KAVA': {'url': 'https://wallet.keplr.app/chains/kava'}, 'MARS': {'url': 'https://wallet.keplr.app/chains/mars-hub'}, 'NTRN': {'url': 'https://wallet.keplr.app/chains/neutron'}, 'USDC': {'url': 'https://wallet.keplr.app/chains/noble'}, 'FLIX': {'url': 'https://wallet.keplr.app/chains/omniflix'}, 'XPRT': {'url': 'https://wallet.keplr.app/chains/persistence'}, 'QSR': {'url': 'https://wallet.keplr.app/chains/quasar'}, 'QCK': {'url': 'https://wallet.keplr.app/chains/quicksilver'}, 'REGEN': {'url': 'https://wallet.keplr.app/chains/regen'}, 'SCRT': {'url': 'https://wallet.keplr.app/chains/secret-network'}, 'CTK': {'url': 'https://wallet.keplr.app/chains/shentu'}, 'SOMM': {'url': 'https://wallet.keplr.app/chains/sommelier'}, 'STRD': {'url': 'https://wallet.keplr.app/chains/stride'}}
__main__ 2023-10-18 11:35:31,178 INFO Add LUNA with url https://wallet.keplr.app/chains/terra
__main__ 2023-10-18 11:35:31,193 DEBUG Data network_price: {'ATOM': {'url': 'https://wallet.keplr.app/chains/cosmos-hub'}, 'OSMO': {'url': 'https://wallet.keplr.app/chains/osmosis'}, 'BLD': {'url': 'https://wallet.keplr.app/chains/agoric'}, 'AKT': {'url': 'https://wallet.keplr.app/chains/akash'}, 'AXL': {'url': 'https://wallet.keplr.app/chains/axelar'}, 'CRO': {'url': 'https://wallet.keplr.app/chains/cronos-pos'}, 'EVMOS': {'url': 'https://wallet.keplr.app/chains/evmos'}, 'LORE': {'url': 'https://wallet.keplr.app/chains/gitopia'}, 'INJ': {'url': 'https://wallet.keplr.app/chains/injective'}, 'IRIS': {'url': 'https://wallet.keplr.app/chains/irisnet'}, 'JUNO': {'url': 'https://wallet.keplr.app/chains/juno'}, 'KAVA': {'url': 'https://wallet.keplr.app/chains/kava'}, 'MARS': {'url': 'https://wallet.keplr.app/chains/mars-hub'}, 'NTRN': {'url': 'https://wallet.keplr.app/chains/neutron'}, 'USDC': {'url': 'https://wallet.keplr.app/chains/noble'}, 'FLIX': {'url': 'https://wallet.keplr.app/chains/omniflix'}, 'XPRT': {'url': 'https://wallet.keplr.app/chains/persistence'}, 'QSR': {'url': 'https://wallet.keplr.app/chains/quasar'}, 'QCK': {'url': 'https://wallet.keplr.app/chains/quicksilver'}, 'REGEN': {'url': 'https://wallet.keplr.app/chains/regen'}, 'SCRT': {'url': 'https://wallet.keplr.app/chains/secret-network'}, 'CTK': {'url': 'https://wallet.keplr.app/chains/shentu'}, 'SOMM': {'url': 'https://wallet.keplr.app/chains/sommelier'}, 'STRD': {'url': 'https://wallet.keplr.app/chains/stride'}, 'LUNA': {'url': 'https://wallet.keplr.app/chains/terra'}}
__main__ 2023-10-18 11:35:37,120 INFO Symb: atom
__main__ 2023-10-18 11:35:42,885 INFO Get token: ATOM, price: 6.42
__main__ 2023-10-18 11:35:42,903 INFO Get price token: {'atom': 6.42}
__main__ 2023-10-18 11:35:43,112 INFO Time work 229.2446484565735 sec
__main__ 2023-10-18 11:35:43,122 INFO Wait 7 hour
