API.CosmosRequestApi 2023-09-30 19:09:09,446 INFO Success, I get 200
API.CosmosRequestApi 2023-09-30 19:09:09,447 DEBUG {"jsonrpc":"2.0","id":-1,"result":{"node_info":{"protocol_version":{"p2p":"8","block":"11","app":"0"},"id":"dc7ecd4fe55cf2987702c0a8ca3060a4bdcf50b7","listen_addr":"tcp://0.0.0.0:29456","network":"theta-testnet-001","version":"0.34.29","channels":"40202122233038606100","moniker":"w3coins","other":{"tx_index":"on","rpc_address":"tcp://0.0.0.0:29457"}},"sync_info":{"latest_block_hash":"2B2759A06557B255BCD8D1B2A84E21B2A6C4432932A58859C7C93AA751243204","latest_app_hash":"12B0E9F5210BBF5B01BD74499C3283170AEFC714C8DF9A2604E9B02FD53E0D3A","latest_block_height":"18156814","latest_block_time":"2023-09-30T16:09:02.992932514Z","earliest_block_hash":"C8787CECA21C46CB234B73CD9C5FEE07941A3A03FD797F341D426B51D18E0459","earliest_app_hash":"BA2A47C6DCD7B6837E32F7E8F0E519AC9CB64C3CB6BB09AE341C6955413560C8","earliest_block_height":"16662001","earliest_block_time":"2023-06-28T05:21:43.448298841Z","catching_up":false},"validator_info":{"address":"49657F407DC4D342C9680DAFB6B4B3C553A7A688","pub_key":{"type":"tendermint/PubKeyEd25519","value":"7GPc51K+6NGAlPKzdTqK+7X0awPc4PUm1uuMQkR/jkM="},"voting_power":"0"}}}
API.CosmosRequestApi 2023-09-30 19:09:09,564 INFO Success, I get 200
API.CosmosRequestApi 2023-09-30 19:09:09,564 DEBUG {
  "rewards": [
    {
      "denom": "uatom",
      "amount": "597.520617081503999999"
    }
  ]
}
API.CosmosRequestApi 2023-09-30 19:09:09,685 INFO Success, I get 200
API.CosmosRequestApi 2023-09-30 19:09:09,685 DEBUG {
  "commission": {
    "commission": [
      {
        "denom": "uatom",
        "amount": "2555017740.457163712234749225"
      }
    ]
  }
}
API.CosmosRequestApi 2023-09-30 19:09:09,814 INFO Success, I get 200
API.CosmosRequestApi 2023-09-30 19:09:09,814 DEBUG {
  "delegation_responses": [
    {"delegation":{"delegator_address":"cosmos1xgeqpr76lxdlf3zh7acpl503cxcalfamf3h2fv","validator_address":"cosmosvaloper1xgeqpr76lxdlf3zh7acpl503cxcalfamv9rl9l","shares":"2000000.000000000000000000"},"balance":{"denom":"uatom","amount":"1999812"}},
    {"delegation":{"delegator_address":"cosmos1xgeqpr76lxdlf3zh7acpl503cxcalfamf3h2fv","validator_address":"cosmosvaloper1uy97y2f8fm7l28tl0mr75pgdaf2rzxsg33zfpq","shares":"2000392.313735973055412300"},"balance":{"denom":"uatom","amount":"1999999"}}
  ],
  "pagination": {
    "next_key": null,
    "total": "2"
  }
}
API.CosmosRequestApi 2023-09-30 19:10:19,482 INFO Success, I get 200
API.CosmosRequestApi 2023-09-30 19:10:19,483 DEBUG {"jsonrpc":"2.0","id":-1,"result":{"node_info":{"protocol_version":{"p2p":"8","block":"11","app":"0"},"id":"dc7ecd4fe55cf2987702c0a8ca3060a4bdcf50b7","listen_addr":"tcp://0.0.0.0:29456","network":"theta-testnet-001","version":"0.34.29","channels":"40202122233038606100","moniker":"w3coins","other":{"tx_index":"on","rpc_address":"tcp://0.0.0.0:29457"}},"sync_info":{"latest_block_hash":"EA0993277407895DB8DEAF2CCFB06A2046E317E986AAD776223098389182F00E","latest_app_hash":"165C9CDB597B26DDF5C58B269AAE9F651765EBAAC248A1F8AED61867B9726ADE","latest_block_height":"18156827","latest_block_time":"2023-09-30T16:10:13.515631524Z","earliest_block_hash":"C8787CECA21C46CB234B73CD9C5FEE07941A3A03FD797F341D426B51D18E0459","earliest_app_hash":"BA2A47C6DCD7B6837E32F7E8F0E519AC9CB64C3CB6BB09AE341C6955413560C8","earliest_block_height":"16662001","earliest_block_time":"2023-06-28T05:21:43.448298841Z","catching_up":false},"validator_info":{"address":"49657F407DC4D342C9680DAFB6B4B3C553A7A688","pub_key":{"type":"tendermint/PubKeyEd25519","value":"7GPc51K+6NGAlPKzdTqK+7X0awPc4PUm1uuMQkR/jkM="},"voting_power":"0"}}}
API.CosmosRequestApi 2023-09-30 19:10:19,613 INFO Success, I get 200
API.CosmosRequestApi 2023-09-30 19:10:19,614 DEBUG {
  "rewards": [
    {
      "denom": "uatom",
      "amount": "599.192704929023999999"
    }
  ]
}
API.CosmosRequestApi 2023-09-30 19:10:19,747 INFO Success, I get 200
API.CosmosRequestApi 2023-09-30 19:10:19,748 DEBUG {
  "commission": {
    "commission": [
      {
        "denom": "uatom",
        "amount": "2555413762.861441013314303955"
      }
    ]
  }
}
API.CosmosRequestApi 2023-09-30 19:10:19,886 INFO Success, I get 200
API.CosmosRequestApi 2023-09-30 19:10:19,887 DEBUG {
  "delegation_responses": [
    {"delegation":{"delegator_address":"cosmos1xgeqpr76lxdlf3zh7acpl503cxcalfamf3h2fv","validator_address":"cosmosvaloper1xgeqpr76lxdlf3zh7acpl503cxcalfamv9rl9l","shares":"2000000.000000000000000000"},"balance":{"denom":"uatom","amount":"1999812"}},
    {"delegation":{"delegator_address":"cosmos1xgeqpr76lxdlf3zh7acpl503cxcalfamf3h2fv","validator_address":"cosmosvaloper1uy97y2f8fm7l28tl0mr75pgdaf2rzxsg33zfpq","shares":"2000392.313735973055412300"},"balance":{"denom":"uatom","amount":"1999999"}}
  ],
  "pagination": {
    "next_key": null,
    "total": "2"
  }
}
API.CosmosRequestApi 2023-09-30 19:10:40,506 INFO Success, I get 200
API.CosmosRequestApi 2023-09-30 19:10:40,506 DEBUG {"jsonrpc":"2.0","id":-1,"result":{"node_info":{"protocol_version":{"p2p":"8","block":"11","app":"0"},"id":"dc7ecd4fe55cf2987702c0a8ca3060a4bdcf50b7","listen_addr":"tcp://0.0.0.0:29456","network":"theta-testnet-001","version":"0.34.29","channels":"40202122233038606100","moniker":"w3coins","other":{"tx_index":"on","rpc_address":"tcp://0.0.0.0:29457"}},"sync_info":{"latest_block_hash":"0A9A8773A53B93A534F34D96AB983339A951631187086D2775E2A675BFC27BC3","latest_app_hash":"AE49BA8FA00CC54A6CB1F2ACCFC5C832AA2132B5934A4FDB4A4CDFE8E08F633D","latest_block_height":"18156830","latest_block_time":"2023-09-30T16:10:29.923752983Z","earliest_block_hash":"C8787CECA21C46CB234B73CD9C5FEE07941A3A03FD797F341D426B51D18E0459","earliest_app_hash":"BA2A47C6DCD7B6837E32F7E8F0E519AC9CB64C3CB6BB09AE341C6955413560C8","earliest_block_height":"16662001","earliest_block_time":"2023-06-28T05:21:43.448298841Z","catching_up":false},"validator_info":{"address":"49657F407DC4D342C9680DAFB6B4B3C553A7A688","pub_key":{"type":"tendermint/PubKeyEd25519","value":"7GPc51K+6NGAlPKzdTqK+7X0awPc4PUm1uuMQkR/jkM="},"voting_power":"0"}}}
API.CosmosRequestApi 2023-09-30 19:10:40,635 INFO Success, I get 200
API.CosmosRequestApi 2023-09-30 19:10:40,636 DEBUG {
  "rewards": [
    {
      "denom": "uatom",
      "amount": "599.578570924663999999"
    }
  ]
}
API.CosmosRequestApi 2023-09-30 19:10:40,761 INFO Success, I get 200
API.CosmosRequestApi 2023-09-30 19:10:40,761 DEBUG {
  "commission": {
    "commission": [
      {
        "denom": "uatom",
        "amount": "2555535615.775583774936608345"
      }
    ]
  }
}
API.CosmosRequestApi 2023-09-30 19:10:40,879 INFO Success, I get 200
API.CosmosRequestApi 2023-09-30 19:10:40,879 DEBUG {
  "delegation_responses": [
    {"delegation":{"delegator_address":"cosmos1xgeqpr76lxdlf3zh7acpl503cxcalfamf3h2fv","validator_address":"cosmosvaloper1xgeqpr76lxdlf3zh7acpl503cxcalfamv9rl9l","shares":"2000000.000000000000000000"},"balance":{"denom":"uatom","amount":"1999812"}},
    {"delegation":{"delegator_address":"cosmos1xgeqpr76lxdlf3zh7acpl503cxcalfamf3h2fv","validator_address":"cosmosvaloper1uy97y2f8fm7l28tl0mr75pgdaf2rzxsg33zfpq","shares":"2000392.313735973055412300"},"balance":{"denom":"uatom","amount":"1999999"}}
  ],
  "pagination": {
    "next_key": null,
    "total": "2"
  }
}
API.CosmosRequestApi 2023-09-30 19:10:53,749 INFO Success, I get 200
API.CosmosRequestApi 2023-09-30 19:10:53,750 DEBUG {"jsonrpc":"2.0","id":-1,"result":{"node_info":{"protocol_version":{"p2p":"8","block":"11","app":"0"},"id":"dc7ecd4fe55cf2987702c0a8ca3060a4bdcf50b7","listen_addr":"tcp://0.0.0.0:29456","network":"theta-testnet-001","version":"0.34.29","channels":"40202122233038606100","moniker":"w3coins","other":{"tx_index":"on","rpc_address":"tcp://0.0.0.0:29457"}},"sync_info":{"latest_block_hash":"03C94F4E38D6A2EB33BBEF35DEF85E8D8073531233388540777CFB002D430B9D","latest_app_hash":"3C0F4E547348BDCDE226796D72DE0B23F3E17E7D685F94E1BF1144CCCA56A604","latest_block_height":"18156833","latest_block_time":"2023-09-30T16:10:45.904584599Z","earliest_block_hash":"C8787CECA21C46CB234B73CD9C5FEE07941A3A03FD797F341D426B51D18E0459","earliest_app_hash":"BA2A47C6DCD7B6837E32F7E8F0E519AC9CB64C3CB6BB09AE341C6955413560C8","earliest_block_height":"16662001","earliest_block_time":"2023-06-28T05:21:43.448298841Z","catching_up":false},"validator_info":{"address":"49657F407DC4D342C9680DAFB6B4B3C553A7A688","pub_key":{"type":"tendermint/PubKeyEd25519","value":"7GPc51K+6NGAlPKzdTqK+7X0awPc4PUm1uuMQkR/jkM="},"voting_power":"0"}}}
API.CosmosRequestApi 2023-09-30 19:10:53,864 INFO Success, I get 200
API.CosmosRequestApi 2023-09-30 19:10:53,864 DEBUG {
  "rewards": [
    {
      "denom": "uatom",
      "amount": "599.964436971361999999"
    }
  ]
}
API.CosmosRequestApi 2023-09-30 19:10:53,979 INFO Success, I get 200
API.CosmosRequestApi 2023-09-30 19:10:53,979 DEBUG {
  "commission": {
    "commission": [
      {
        "denom": "uatom",
        "amount": "2555596542.240716799018589665"
      }
    ]
  }
}
API.CosmosRequestApi 2023-09-30 19:10:54,090 INFO Success, I get 200
API.CosmosRequestApi 2023-09-30 19:10:54,090 DEBUG {
  "delegation_responses": [
    {"delegation":{"delegator_address":"cosmos1xgeqpr76lxdlf3zh7acpl503cxcalfamf3h2fv","validator_address":"cosmosvaloper1xgeqpr76lxdlf3zh7acpl503cxcalfamv9rl9l","shares":"2000000.000000000000000000"},"balance":{"denom":"uatom","amount":"1999812"}},
    {"delegation":{"delegator_address":"cosmos1xgeqpr76lxdlf3zh7acpl503cxcalfamf3h2fv","validator_address":"cosmosvaloper1uy97y2f8fm7l28tl0mr75pgdaf2rzxsg33zfpq","shares":"2000392.313735973055412300"},"balance":{"denom":"uatom","amount":"1999999"}}
  ],
  "pagination": {
    "next_key": null,
    "total": "2"
  }
}
API.CosmosRequestApi 2023-09-30 19:11:54,931 INFO Success, I get 200
API.CosmosRequestApi 2023-09-30 19:11:54,933 DEBUG {"jsonrpc":"2.0","id":-1,"result":{"node_info":{"protocol_version":{"p2p":"8","block":"11","app":"0"},"id":"dc7ecd4fe55cf2987702c0a8ca3060a4bdcf50b7","listen_addr":"tcp://0.0.0.0:29456","network":"theta-testnet-001","version":"0.34.29","channels":"40202122233038606100","moniker":"w3coins","other":{"tx_index":"on","rpc_address":"tcp://0.0.0.0:29457"}},"sync_info":{"latest_block_hash":"B3B65A536284A050B6393F11CC73ADFF9C927FD5F7D35D2846CE0BB617ECD860","latest_app_hash":"658CEBDFBC8EFE412E7CEBA48B69B59494AC2FEF77D007B236694F529F14B50C","latest_block_height":"18156844","latest_block_time":"2023-09-30T16:11:45.430808678Z","earliest_block_hash":"C8787CECA21C46CB234B73CD9C5FEE07941A3A03FD797F341D426B51D18E0459","earliest_app_hash":"BA2A47C6DCD7B6837E32F7E8F0E519AC9CB64C3CB6BB09AE341C6955413560C8","earliest_block_height":"16662001","earliest_block_time":"2023-06-28T05:21:43.448298841Z","catching_up":false},"validator_info":{"address":"49657F407DC4D342C9680DAFB6B4B3C553A7A688","pub_key":{"type":"tendermint/PubKeyEd25519","value":"7GPc51K+6NGAlPKzdTqK+7X0awPc4PUm1uuMQkR/jkM="},"voting_power":"0"}}}
API.CosmosRequestApi 2023-09-30 19:11:55,065 INFO Success, I get 200
API.CosmosRequestApi 2023-09-30 19:11:55,066 DEBUG {
  "rewards": [
    {
      "denom": "uatom",
      "amount": "601.379279602095999999"
    }
  ]
}
API.CosmosRequestApi 2023-09-30 19:11:55,220 INFO Success, I get 200
API.CosmosRequestApi 2023-09-30 19:11:55,220 DEBUG {
  "commission": {
    "commission": [
      {
        "denom": "uatom",
        "amount": "2555931637.900390775960753413"
      }
    ]
  }
}
API.CosmosRequestApi 2023-09-30 19:11:55,349 INFO Success, I get 200
API.CosmosRequestApi 2023-09-30 19:11:55,349 DEBUG {
  "delegation_responses": [
    {"delegation":{"delegator_address":"cosmos1xgeqpr76lxdlf3zh7acpl503cxcalfamf3h2fv","validator_address":"cosmosvaloper1xgeqpr76lxdlf3zh7acpl503cxcalfamv9rl9l","shares":"2000000.000000000000000000"},"balance":{"denom":"uatom","amount":"1999812"}},
    {"delegation":{"delegator_address":"cosmos1xgeqpr76lxdlf3zh7acpl503cxcalfamf3h2fv","validator_address":"cosmosvaloper1uy97y2f8fm7l28tl0mr75pgdaf2rzxsg33zfpq","shares":"2000392.313735973055412300"},"balance":{"denom":"uatom","amount":"1999999"}}
  ],
  "pagination": {
    "next_key": null,
    "total": "2"
  }
}
