__main__ 2023-09-30 19:09:09,817 INFO All rewarsd: 0.000597520617081504, 2555.0177404571637, 1.999999
__main__ 2023-09-30 19:09:10,011 INFO wait 1 min
__main__ 2023-09-30 19:09:44,795 ERROR ERROR Main
Traceback (most recent call last):
  File "/Users/illya/Documents/Program/Server/main.py", line 99, in main
    time.sleep(config_toml['time_update'] * 60)
KeyboardInterrupt
__main__ 2023-09-30 19:09:44,798 INFO wait 1 min
__main__ 2023-09-30 19:10:19,891 INFO All rewarsd: 0.000599192704929024, 2555.4137628614412, 1.999999
__main__ 2023-09-30 19:10:20,086 INFO wait 1 min
__main__ 2023-09-30 19:10:36,733 ERROR ERROR Main
Traceback (most recent call last):
  File "/Users/illya/Documents/Program/Server/main.py", line 99, in main
    time.sleep(config_toml['time_update'] * 60)
KeyboardInterrupt
__main__ 2023-09-30 19:10:36,735 INFO wait 1 min
__main__ 2023-09-30 19:10:40,885 INFO All rewarsd: 0.0005995785709246639, 2555.5356157755837, 1.999999
__main__ 2023-09-30 19:10:41,081 INFO wait 1 min
__main__ 2023-09-30 19:10:44,065 ERROR ERROR Main
Traceback (most recent call last):
  File "/Users/illya/Documents/Program/Server/main.py", line 99, in main
    time.sleep(config_toml['time_update'] * 60)
KeyboardInterrupt
__main__ 2023-09-30 19:10:44,065 INFO wait 1 min
__main__ 2023-09-30 19:10:54,092 INFO All rewarsd: 0.000599964436971362, 2555.596542240717, 1.999999
__main__ 2023-09-30 19:10:54,277 INFO wait 1 min
__main__ 2023-09-30 19:11:55,350 INFO All rewarsd: 0.0006013792796020959, 2555.931637900391, 1.999999
__main__ 2023-09-30 19:11:55,532 INFO wait 1 min
__main__ 2023-09-30 19:12:38,381 ERROR ERROR Main
Traceback (most recent call last):
  File "/Users/illya/Documents/Program/Server/main.py", line 99, in main
    time.sleep(config_toml['time_update'] * 60)
KeyboardInterrupt
__main__ 2023-09-30 19:12:38,384 INFO wait 1 min
